<test-run id="2" testcasecount="5" result="Passed" start-time="2023-05-10 09:23:59.083669" end-time="2023-05-10 09:24:00.593064" duration="1" total="5" passed="5" failed="0" inconclusive="0" skipped="0" asserts="0" clr-version="3.9.13 (tags/v3.9.13:6de2ca5, May 17 2022, 16:36:42) [MSC v.1929 64 bit (AMD64)]" engine-version="3.6.2"><command-line>C:\Users\Daniel\Documents\Education\Uni\Internship\CPF\CPF-Dev-Portal\.venv\Scripts\pytest</command-line><filter /><test-suite id="src/tests/test_app.py" name="src/tests/test_app.py" fullname="src/tests/test_app.py" methodname="" classname="" runstate="Runnable" type="Assembly" testcasecount="5" result="Passed" label="" start-time="2023-05-10 09:24:00.511066" end-time="2023-05-10 09:24:00.590068" duration="0.079002" asserts="0" total="5" passed="5" failed="0" warnings="0" inconclusive="0" skipped="0"><properties><property name="python_version" value="3.9.13 (tags/v3.9.13:6de2ca5, May 17 2022, 16:36:42) [MSC v.1929 64 bit (AMD64)]" /></properties><test-case id="100" name="src/tests/test_app.py::test_catchall_route" fullname="src/tests/test_app.py::test_catchall_route" methodname="test_catchall_route" classname="src/tests/test_app.py" runstate="Runnable" seed="1" result="Passed" label="" start-time="2023-05-10 09:24:00.511066" end-time="2023-05-10 09:24:00.528068" duration="0.017002" asserts="0"><properties><property name="python-version" value="3.9.13 (tags/v3.9.13:6de2ca5, May 17 2022, 16:36:42) [MSC v.1929 64 bit (AMD64)]" /><property name="fspath" value="src/tests/test_app.py" /></properties><environment framework-version="3.6.2" clr-version="3.9.13 (tags/v3.9.13:6de2ca5, May 17 2022, 16:36:42) [MSC v.1929 64 bit (AMD64)]" os-version="10" platform="Windows" cwd="C:\Users\Daniel\Documents\Education\Uni\Internship\CPF\CPF-Dev-Portal" machine-name="AMD64" user="" user-domain="" culture="en_SG" uiculture="en_SG" os-architecture="64bit" /><failure><message><![CDATA[]]></message><stack-trace><![CDATA[None]]></stack-trace></failure><reason><message><![CDATA[]]></message></reason><output><![CDATA[]]></output></test-case><test-case id="101" name="src/tests/test_app.py::test_oaschecker_route" fullname="src/tests/test_app.py::test_oaschecker_route" methodname="test_oaschecker_route" classname="src/tests/test_app.py" runstate="Runnable" seed="1" result="Passed" label="" start-time="2023-05-10 09:24:00.529067" end-time="2023-05-10 09:24:00.547070" duration="0.018003" asserts="0"><properties><property name="python-version" value="3.9.13 (tags/v3.9.13:6de2ca5, May 17 2022, 16:36:42) [MSC v.1929 64 bit (AMD64)]" /><property name="fspath" value="src/tests/test_app.py" /></properties><environment framework-version="3.6.2" clr-version="3.9.13 (tags/v3.9.13:6de2ca5, May 17 2022, 16:36:42) [MSC v.1929 64 bit (AMD64)]" os-version="10" platform="Windows" cwd="C:\Users\Daniel\Documents\Education\Uni\Internship\CPF\CPF-Dev-Portal" machine-name="AMD64" user="" user-domain="" culture="en_SG" uiculture="en_SG" os-architecture="64bit" /><failure><message><![CDATA[]]></message><stack-trace><![CDATA[None]]></stack-trace></failure><reason><message><![CDATA[]]></message></reason><output><![CDATA[]]></output></test-case><test-case id="102" name="src/tests/test_app.py::test_swaggeruipreview_route" fullname="src/tests/test_app.py::test_swaggeruipreview_route" methodname="test_swaggeruipreview_route" classname="src/tests/test_app.py" runstate="Runnable" seed="1" result="Passed" label="" start-time="2023-05-10 09:24:00.553070" end-time="2023-05-10 09:24:00.571069" duration="0.017999" asserts="0"><properties><property name="python-version" value="3.9.13 (tags/v3.9.13:6de2ca5, May 17 2022, 16:36:42) [MSC v.1929 64 bit (AMD64)]" /><property name="fspath" value="src/tests/test_app.py" /></properties><environment framework-version="3.6.2" clr-version="3.9.13 (tags/v3.9.13:6de2ca5, May 17 2022, 16:36:42) [MSC v.1929 64 bit (AMD64)]" os-version="10" platform="Windows" cwd="C:\Users\Daniel\Documents\Education\Uni\Internship\CPF\CPF-Dev-Portal" machine-name="AMD64" user="" user-domain="" culture="en_SG" uiculture="en_SG" os-architecture="64bit" /><failure><message><![CDATA[]]></message><stack-trace><![CDATA[None]]></stack-trace></failure><reason><message><![CDATA[]]></message></reason><output><![CDATA[]]></output></test-case><test-case id="103" name="src/tests/test_app.py::test_openapi" fullname="src/tests/test_app.py::test_openapi" methodname="test_openapi" classname="src/tests/test_app.py" runstate="Runnable" seed="1" result="Passed" label="" start-time="2023-05-10 09:24:00.575064" end-time="2023-05-10 09:24:00.587065" duration="0.012001" asserts="0"><properties><property name="python-version" value="3.9.13 (tags/v3.9.13:6de2ca5, May 17 2022, 16:36:42) [MSC v.1929 64 bit (AMD64)]" /><property name="fspath" value="src/tests/test_app.py" /></properties><environment framework-version="3.6.2" clr-version="3.9.13 (tags/v3.9.13:6de2ca5, May 17 2022, 16:36:42) [MSC v.1929 64 bit (AMD64)]" os-version="10" platform="Windows" cwd="C:\Users\Daniel\Documents\Education\Uni\Internship\CPF\CPF-Dev-Portal" machine-name="AMD64" user="" user-domain="" culture="en_SG" uiculture="en_SG" os-architecture="64bit" /><failure><message><![CDATA[]]></message><stack-trace><![CDATA[None]]></stack-trace></failure><reason><message><![CDATA[]]></message></reason><output><![CDATA[]]></output></test-case><test-case id="104" name="src/tests/test_app.py::test_title" fullname="src/tests/test_app.py::test_title" methodname="test_title" classname="src/tests/test_app.py" runstate="Runnable" seed="1" result="Passed" label="" start-time="2023-05-10 09:24:00.588070" end-time="2023-05-10 09:24:00.590068" duration="0.001998" asserts="0"><properties><property name="python-version" value="3.9.13 (tags/v3.9.13:6de2ca5, May 17 2022, 16:36:42) [MSC v.1929 64 bit (AMD64)]" /><property name="fspath" value="src/tests/test_app.py" /></properties><environment framework-version="3.6.2" clr-version="3.9.13 (tags/v3.9.13:6de2ca5, May 17 2022, 16:36:42) [MSC v.1929 64 bit (AMD64)]" os-version="10" platform="Windows" cwd="C:\Users\Daniel\Documents\Education\Uni\Internship\CPF\CPF-Dev-Portal" machine-name="AMD64" user="" user-domain="" culture="en_SG" uiculture="en_SG" os-architecture="64bit" /><failure><message><![CDATA[]]></message><stack-trace><![CDATA[None]]></stack-trace></failure><reason><message><![CDATA[]]></message></reason><output><![CDATA[]]></output></test-case><environment framework-version="3.6.2" clr-version="3.9.13 (tags/v3.9.13:6de2ca5, May 17 2022, 16:36:42) [MSC v.1929 64 bit (AMD64)]" os-version="10" platform="Windows" cwd="C:\Users\Daniel\Documents\Education\Uni\Internship\CPF\CPF-Dev-Portal" machine-name="AMD64" user="" user-domain="" culture="en_SG" uiculture="en_SG" os-architecture="64bit" /></test-suite></test-run>